<?xml version="1.0" encoding="UTF-8"?>
<!-- Generated by org.testng.reporters.JUnitReportReporter -->
<testsuite hostname="LAPTOP-PKPP5N4P" failures="0" tests="1" name="Scripts.Testcase1" time="8.852" errors="0" timestamp="2022-05-02T17:37:56 IST" skipped="0">
  <testcase classname="Scripts.Testcase1" name="tc1" time="8.852"/>
  <system-out/>
</testsuite> <!-- Scripts.Testcase1 -->
