<?xml version="1.0" encoding="UTF-8"?>
<!-- Generated by org.testng.reporters.JUnitReportReporter -->
<testsuite hostname="LAPTOP-PKPP5N4P" failures="0" tests="1" name="Scripts.Testcase2" time="7.195" errors="0" timestamp="2022-05-02T17:37:56 IST" skipped="0">
  <testcase classname="Scripts.Testcase2" name="tc2" time="7.195"/>
  <system-out/>
</testsuite> <!-- Scripts.Testcase2 -->
