<?xml version="1.0" encoding="UTF-8"?>
<!-- Generated by org.testng.reporters.JUnitReportReporter -->
<testsuite hostname="LAPTOP-PKPP5N4P" failures="0" tests="1" name="Scripts.Testcase3" time="7.546" errors="0" timestamp="2022-05-02T17:37:56 IST" skipped="0">
  <testcase classname="Scripts.Testcase3" name="tc3" time="7.546"/>
  <system-out/>
</testsuite> <!-- Scripts.Testcase3 -->
